\BOOKMARK [1][-]{section.1}{Introduction}{}% 1
\BOOKMARK [1][-]{section.2}{Hypothesis}{}% 2
\BOOKMARK [2][-]{subsection.2.1}{Summary}{section.2}% 3
\BOOKMARK [2][-]{subsection.2.2}{Reinforcement Learning}{section.2}% 4
\BOOKMARK [3][-]{subsubsection.2.2.1}{Historical Background}{subsection.2.2}% 5
\BOOKMARK [3][-]{subsubsection.2.2.2}{Modern Concepts Of The Learning Process}{subsection.2.2}% 6
\BOOKMARK [2][-]{subsection.2.3}{Bioelectricity}{section.2}% 7
\BOOKMARK [3][-]{subsubsection.2.3.1}{Definition}{subsection.2.3}% 8
\BOOKMARK [3][-]{subsubsection.2.3.2}{Historical Background}{subsection.2.3}% 9
\BOOKMARK [3][-]{subsubsection.2.3.3}{Ions In Solutions}{subsection.2.3}% 10
\BOOKMARK [3][-]{subsubsection.2.3.4}{Membrane Patch And Electricity Of Patches}{subsection.2.3}% 11
\BOOKMARK [2][-]{subsection.2.4}{Neurofeedback}{section.2}% 12
\BOOKMARK [1][-]{section.3}{Method}{}% 13
\BOOKMARK [2][-]{subsection.3.1}{Summary}{section.3}% 14
\BOOKMARK [2][-]{subsection.3.2}{Experimental Design}{section.3}% 15
\BOOKMARK [2][-]{subsection.3.3}{Data Analysis}{section.3}% 16
\BOOKMARK [3][-]{subsubsection.3.3.1}{Common Spatial Pattern}{subsection.3.3}% 17
\BOOKMARK [3][-]{subsubsection.3.3.2}{Tikhonov Regularization}{subsection.3.3}% 18
\BOOKMARK [3][-]{subsubsection.3.3.3}{Nonparametric Statistical Testing Of EEG Data}{subsection.3.3}% 19
\BOOKMARK [3][-]{subsubsection.3.3.4}{False Discovery Rate Correction}{subsection.3.3}% 20
\BOOKMARK [1][-]{section.4}{Results}{}% 21
\BOOKMARK [1][-]{section.5}{Conclusions}{}% 22
\BOOKMARK [1][-]{section*.5}{Acknowledgements}{}% 23
\BOOKMARK [1][-]{section*.6}{Appendices}{}% 24
\BOOKMARK [1][-]{section*.7}{References}{}% 25
